<?xml version="1.0" encoding="UTF-8"?>
<!-- Generated by org.testng.reporters.JUnitXMLReporter -->
<testsuite ignored="0" hostname="ascbotchoque" failures="0" tests="6" name="FlowBolivia" time="26.608" errors="0" timestamp="2023-01-19T16:13:20 VET">
  <testcase classname="Testng.FlowBoliviaTestng" name="inciarWebSite" time="2.699"/>
  <testcase classname="Testng.FlowBoliviaTestng" name="autentication" time="3.948"/>
  <testcase classname="Testng.FlowBoliviaTestng" name="seleccionarProducto" time="5.219"/>
  <testcase classname="Testng.FlowBoliviaTestng" name="addCarrito" time="0.52"/>
  <testcase classname="Testng.FlowBoliviaTestng" name="buyProduct" time="0.134"/>
  <testcase classname="Testng.FlowBoliviaTestng" name="visibleTitleResum" time="14.055"/>
</testsuite> <!-- FlowBolivia -->
